<?xml version="1.0" encoding="UTF-8"?>
<coverage generated="1765250579566" clover="3.2.0">
  <project timestamp="1765250579566" name="All files">
    <metrics statements="32" coveredstatements="29" conditionals="20" coveredconditionals="16" methods="12" coveredmethods="11" elements="64" coveredelements="56" complexity="0" loc="32" ncloc="32" packages="4" files="4" classes="4"/>
    <package name="app.(tabs)">
      <metrics statements="9" coveredstatements="8" conditionals="8" coveredconditionals="8" methods="5" coveredmethods="4"/>
      <file name="home.tsx" path="C:\Users\HOME\Study\HK251\Mobile\BTL\frontend\app\(tabs)\home.tsx">
        <metrics statements="9" coveredstatements="8" conditionals="8" coveredconditionals="8" methods="5" coveredmethods="4"/>
        <line num="7" count="1" type="stmt"/>
        <line num="35" count="4" type="stmt"/>
        <line num="36" count="4" type="stmt"/>
        <line num="38" count="4" type="stmt"/>
        <line num="74" count="0" type="stmt"/>
        <line num="82" count="1" type="stmt"/>
        <line num="93" count="12" type="stmt"/>
        <line num="108" count="36" type="stmt"/>
        <line num="121" count="1" type="stmt"/>
      </file>
    </package>
    <package name="assets.images">
      <metrics statements="1" coveredstatements="1" conditionals="0" coveredconditionals="0" methods="0" coveredmethods="0"/>
      <file name="logo.png" path="C:\Users\HOME\Study\HK251\Mobile\BTL\frontend\assets\images\logo.png">
        <metrics statements="1" coveredstatements="1" conditionals="0" coveredconditionals="0" methods="0" coveredmethods="0"/>
        <line num="1" count="1" type="stmt"/>
      </file>
    </package>
    <package name="components">
      <metrics statements="17" coveredstatements="16" conditionals="6" coveredconditionals="4" methods="7" coveredmethods="7"/>
      <file name="OnboardingScreen.tsx" path="C:\Users\HOME\Study\HK251\Mobile\BTL\frontend\components\OnboardingScreen.tsx">
        <metrics statements="17" coveredstatements="16" conditionals="6" coveredconditionals="4" methods="7" coveredmethods="7"/>
        <line num="6" count="1" type="stmt"/>
        <line num="8" count="1" type="stmt"/>
        <line num="27" count="4" type="stmt"/>
        <line num="28" count="4" type="stmt"/>
        <line num="30" count="4" type="stmt"/>
        <line num="31" count="1" type="cond" truecount="1" falsecount="1"/>
        <line num="32" count="1" type="stmt"/>
        <line num="34" count="0" type="stmt"/>
        <line num="38" count="4" type="stmt"/>
        <line num="39" count="1" type="stmt"/>
        <line num="42" count="4" type="stmt"/>
        <line num="43" count="4" type="stmt"/>
        <line num="52" count="4" type="stmt"/>
        <line num="56" count="4" type="stmt"/>
        <line num="57" count="7" type="stmt"/>
        <line num="67" count="12" type="stmt"/>
        <line num="98" count="1" type="stmt"/>
      </file>
    </package>
    <package name="jest">
      <metrics statements="5" coveredstatements="4" conditionals="6" coveredconditionals="4" methods="0" coveredmethods="0"/>
      <file name="expo-winter-stub.js" path="C:\Users\HOME\Study\HK251\Mobile\BTL\frontend\jest\expo-winter-stub.js">
        <metrics statements="5" coveredstatements="4" conditionals="6" coveredconditionals="4" methods="0" coveredmethods="0"/>
        <line num="3" count="2" type="cond" truecount="1" falsecount="1"/>
        <line num="4" count="2" type="stmt"/>
        <line num="12" count="2" type="cond" truecount="3" falsecount="1"/>
        <line num="13" count="0" type="stmt"/>
        <line num="16" count="2" type="stmt"/>
      </file>
    </package>
  </project>
</coverage>
