{"C:\\Users\\HOME\\Study\\HK251\\Mobile\\BTL\\frontend\\app\\(tabs)\\home.tsx": {"path":"C:\\Users\\HOME\\Study\\HK251\\Mobile\\BTL\\frontend\\app\\(tabs)\\home.tsx","statementMap":{"0":{"start":{"line":7,"column":21},"end":{"line":32,"column":1}},"1":{"start":{"line":35,"column":36},"end":{"line":35,"column":70}},"2":{"start":{"line":36,"column":38},"end":{"line":36,"column":50}},"3":{"start":{"line":38,"column":2},"end":{"line":118,"column":3}},"4":{"start":{"line":74,"column":32},"end":{"line":74,"column":52}},"5":{"start":{"line":82,"column":32},"end":{"line":82,"column":53}},"6":{"start":{"line":93,"column":12},"end":{"line":113,"column":19}},"7":{"start":{"line":108,"column":18},"end":{"line":110,"column":25}},"8":{"start":{"line":121,"column":15},"end":{"line":275,"column":2}}},"fnMap":{"0":{"name":"Home","decl":{"start":{"line":34,"column":24},"end":{"line":34,"column":28}},"loc":{"start":{"line":34,"column":31},"end":{"line":119,"column":1}},"line":34},"1":{"name":"(anonymous_1)","decl":{"start":{"line":74,"column":26},"end":{"line":74,"column":27}},"loc":{"start":{"line":74,"column":32},"end":{"line":74,"column":52}},"line":74},"2":{"name":"(anonymous_2)","decl":{"start":{"line":82,"column":26},"end":{"line":82,"column":27}},"loc":{"start":{"line":82,"column":32},"end":{"line":82,"column":53}},"line":82},"3":{"name":"(anonymous_3)","decl":{"start":{"line":92,"column":28},"end":{"line":92,"column":29}},"loc":{"start":{"line":93,"column":12},"end":{"line":113,"column":19}},"line":93},"4":{"name":"(anonymous_4)","decl":{"start":{"line":107,"column":31},"end":{"line":107,"column":32}},"loc":{"start":{"line":108,"column":18},"end":{"line":110,"column":25}},"line":108}},"branchMap":{"0":{"loc":{"start":{"line":73,"column":37},"end":{"line":73,"column":77}},"type":"binary-expr","locations":[{"start":{"line":73,"column":37},"end":{"line":73,"column":57}},{"start":{"line":73,"column":61},"end":{"line":73,"column":77}}],"line":73},"1":{"loc":{"start":{"line":76,"column":47},"end":{"line":76,"column":91}},"type":"binary-expr","locations":[{"start":{"line":76,"column":47},"end":{"line":76,"column":67}},{"start":{"line":76,"column":71},"end":{"line":76,"column":91}}],"line":76},"2":{"loc":{"start":{"line":81,"column":37},"end":{"line":81,"column":78}},"type":"binary-expr","locations":[{"start":{"line":81,"column":37},"end":{"line":81,"column":58}},{"start":{"line":81,"column":62},"end":{"line":81,"column":78}}],"line":81},"3":{"loc":{"start":{"line":84,"column":47},"end":{"line":84,"column":92}},"type":"binary-expr","locations":[{"start":{"line":84,"column":47},"end":{"line":84,"column":68}},{"start":{"line":84,"column":72},"end":{"line":84,"column":92}}],"line":84}},"s":{"0":1,"1":4,"2":4,"3":4,"4":0,"5":1,"6":12,"7":36,"8":1},"f":{"0":4,"1":0,"2":1,"3":12,"4":36},"b":{"0":[4,3],"1":[4,3],"2":[4,1],"3":[4,1]},"_coverageSchema":"1a1c01bbd47fc00a2c39e90264f33305004495a9","hash":"7dbfa32072ca24995991c97de89f29a8af1e9e96"}
,"C:\\Users\\HOME\\Study\\HK251\\Mobile\\BTL\\frontend\\assets\\images\\logo.png": {"path":"C:\\Users\\HOME\\Study\\HK251\\Mobile\\BTL\\frontend\\assets\\images\\logo.png","statementMap":{"0":{"start":{"line":1,"column":0},"end":{"line":4,"column":6}}},"fnMap":{},"branchMap":{},"s":{"0":1},"f":{},"b":{},"_coverageSchema":"1a1c01bbd47fc00a2c39e90264f33305004495a9","hash":"d70b6a86a88d0d617bd2469c996255c966029aa9"}
,"C:\\Users\\HOME\\Study\\HK251\\Mobile\\BTL\\frontend\\components\\OnboardingScreen.tsx": {"path":"C:\\Users\\HOME\\Study\\HK251\\Mobile\\BTL\\frontend\\components\\OnboardingScreen.tsx","statementMap":{"0":{"start":{"line":6,"column":18},"end":{"line":6,"column":42}},"1":{"start":{"line":8,"column":15},"end":{"line":24,"column":1}},"2":{"start":{"line":27,"column":54},"end":{"line":27,"column":65}},"3":{"start":{"line":28,"column":19},"end":{"line":28,"column":30}},"4":{"start":{"line":30,"column":23},"end":{"line":36,"column":5}},"5":{"start":{"line":31,"column":8},"end":{"line":35,"column":9}},"6":{"start":{"line":32,"column":12},"end":{"line":32,"column":56}},"7":{"start":{"line":34,"column":12},"end":{"line":34,"column":43}},"8":{"start":{"line":38,"column":23},"end":{"line":40,"column":5}},"9":{"start":{"line":39,"column":8},"end":{"line":39,"column":39}},"10":{"start":{"line":42,"column":18},"end":{"line":50,"column":5}},"11":{"start":{"line":43,"column":8},"end":{"line":49,"column":10}},"12":{"start":{"line":52,"column":4},"end":{"line":95,"column":6}},"13":{"start":{"line":56,"column":42},"end":{"line":56,"column":63}},"14":{"start":{"line":57,"column":40},"end":{"line":57,"column":47}},"15":{"start":{"line":67,"column":24},"end":{"line":73,"column":26}},"16":{"start":{"line":98,"column":15},"end":{"line":178,"column":2}}},"fnMap":{"0":{"name":"OnboardingScreen","decl":{"start":{"line":26,"column":24},"end":{"line":26,"column":40}},"loc":{"start":{"line":26,"column":43},"end":{"line":96,"column":1}},"line":26},"1":{"name":"(anonymous_1)","decl":{"start":{"line":30,"column":23},"end":{"line":30,"column":24}},"loc":{"start":{"line":30,"column":29},"end":{"line":36,"column":5}},"line":30},"2":{"name":"(anonymous_2)","decl":{"start":{"line":38,"column":23},"end":{"line":38,"column":24}},"loc":{"start":{"line":38,"column":29},"end":{"line":40,"column":5}},"line":38},"3":{"name":"(anonymous_3)","decl":{"start":{"line":42,"column":18},"end":{"line":42,"column":19}},"loc":{"start":{"line":42,"column":60},"end":{"line":50,"column":5}},"line":42},"4":{"name":"(anonymous_4)","decl":{"start":{"line":56,"column":28},"end":{"line":56,"column":29}},"loc":{"start":{"line":56,"column":42},"end":{"line":56,"column":63}},"line":56},"5":{"name":"(anonymous_5)","decl":{"start":{"line":57,"column":30},"end":{"line":57,"column":31}},"loc":{"start":{"line":57,"column":40},"end":{"line":57,"column":47}},"line":57},"6":{"name":"(anonymous_6)","decl":{"start":{"line":66,"column":32},"end":{"line":66,"column":33}},"loc":{"start":{"line":67,"column":24},"end":{"line":73,"column":26}},"line":67}},"branchMap":{"0":{"loc":{"start":{"line":31,"column":8},"end":{"line":35,"column":9}},"type":"if","locations":[{"start":{"line":31,"column":8},"end":{"line":35,"column":9}},{"start":{"line":33,"column":15},"end":{"line":35,"column":9}}],"line":31},"1":{"loc":{"start":{"line":71,"column":32},"end":{"line":71,"column":85}},"type":"binary-expr","locations":[{"start":{"line":71,"column":32},"end":{"line":71,"column":59}},{"start":{"line":71,"column":63},"end":{"line":71,"column":85}}],"line":71},"2":{"loc":{"start":{"line":78,"column":21},"end":{"line":91,"column":21}},"type":"cond-expr","locations":[{"start":{"line":79,"column":24},"end":{"line":86,"column":27}},{"start":{"line":88,"column":24},"end":{"line":90,"column":43}}],"line":78}},"s":{"0":1,"1":1,"2":4,"3":4,"4":4,"5":1,"6":1,"7":0,"8":4,"9":1,"10":4,"11":4,"12":4,"13":4,"14":7,"15":12,"16":1},"f":{"0":4,"1":1,"2":1,"3":4,"4":4,"5":7,"6":12},"b":{"0":[1,0],"1":[12,4],"2":[4,0]},"_coverageSchema":"1a1c01bbd47fc00a2c39e90264f33305004495a9","hash":"79895958ee743d90614f9f47a560a13dd47c1971"}
,"C:\\Users\\HOME\\Study\\HK251\\Mobile\\BTL\\frontend\\jest\\expo-winter-stub.js": {"path":"C:\\Users\\HOME\\Study\\HK251\\Mobile\\BTL\\frontend\\jest\\expo-winter-stub.js","statementMap":{"0":{"start":{"line":3,"column":0},"end":{"line":10,"column":1}},"1":{"start":{"line":4,"column":2},"end":{"line":9,"column":5}},"2":{"start":{"line":12,"column":0},"end":{"line":14,"column":1}},"3":{"start":{"line":13,"column":2},"end":{"line":13,"column":60}},"4":{"start":{"line":16,"column":0},"end":{"line":16,"column":20}}},"fnMap":{},"branchMap":{"0":{"loc":{"start":{"line":3,"column":0},"end":{"line":10,"column":1}},"type":"if","locations":[{"start":{"line":3,"column":0},"end":{"line":10,"column":1}},{"start":{},"end":{}}],"line":3},"1":{"loc":{"start":{"line":12,"column":0},"end":{"line":14,"column":1}},"type":"if","locations":[{"start":{"line":12,"column":0},"end":{"line":14,"column":1}},{"start":{},"end":{}}],"line":12},"2":{"loc":{"start":{"line":12,"column":4},"end":{"line":12,"column":71}},"type":"binary-expr","locations":[{"start":{"line":12,"column":4},"end":{"line":12,"column":33}},{"start":{"line":12,"column":37},"end":{"line":12,"column":71}}],"line":12}},"s":{"0":2,"1":2,"2":2,"3":0,"4":2},"f":{},"b":{"0":[2,0],"1":[0,2],"2":[2,2]},"_coverageSchema":"1a1c01bbd47fc00a2c39e90264f33305004495a9","hash":"358787d271b51506e95aa457445a4714a913648b"}
}
