TN:
SF:app\(tabs)\home.tsx
FN:34,Home
FN:74,(anonymous_1)
FN:82,(anonymous_2)
FN:92,(anonymous_3)
FN:107,(anonymous_4)
FNF:5
FNH:4
FNDA:4,Home
FNDA:0,(anonymous_1)
FNDA:1,(anonymous_2)
FNDA:12,(anonymous_3)
FNDA:36,(anonymous_4)
DA:7,1
DA:35,4
DA:36,4
DA:38,4
DA:74,0
DA:82,1
DA:93,12
DA:108,36
DA:121,1
LF:9
LH:8
BRDA:73,0,0,4
BRDA:73,0,1,3
BRDA:76,1,0,4
BRDA:76,1,1,3
BRDA:81,2,0,4
BRDA:81,2,1,1
BRDA:84,3,0,4
BRDA:84,3,1,1
BRF:8
BRH:8
end_of_record
TN:
SF:assets\images\logo.png
FNF:0
FNH:0
DA:1,1
LF:1
LH:1
BRF:0
BRH:0
end_of_record
TN:
SF:components\OnboardingScreen.tsx
FN:26,OnboardingScreen
FN:30,(anonymous_1)
FN:38,(anonymous_2)
FN:42,(anonymous_3)
FN:56,(anonymous_4)
FN:57,(anonymous_5)
FN:66,(anonymous_6)
FNF:7
FNH:7
FNDA:4,OnboardingScreen
FNDA:1,(anonymous_1)
FNDA:1,(anonymous_2)
FNDA:4,(anonymous_3)
FNDA:4,(anonymous_4)
FNDA:7,(anonymous_5)
FNDA:12,(anonymous_6)
DA:6,1
DA:8,1
DA:27,4
DA:28,4
DA:30,4
DA:31,1
DA:32,1
DA:34,0
DA:38,4
DA:39,1
DA:42,4
DA:43,4
DA:52,4
DA:56,4
DA:57,7
DA:67,12
DA:98,1
LF:17
LH:16
BRDA:31,0,0,1
BRDA:31,0,1,0
BRDA:71,1,0,12
BRDA:71,1,1,4
BRDA:78,2,0,4
BRDA:78,2,1,0
BRF:6
BRH:4
end_of_record
TN:
SF:jest\expo-winter-stub.js
FNF:0
FNH:0
DA:3,2
DA:4,2
DA:12,2
DA:13,0
DA:16,2
LF:5
LH:4
BRDA:3,0,0,2
BRDA:3,0,1,0
BRDA:12,1,0,0
BRDA:12,1,1,2
BRDA:12,2,0,2
BRDA:12,2,1,2
BRF:6
BRH:4
end_of_record
